<?xml version="1.0" encoding="UTF-8"?>
<!-- Generated by org.testng.reporters.JUnitXMLReporter -->
<testsuite ignored="0" hostname="DESKTOP-OEE7BVT" failures="0" tests="3" name="Default test" time="12.666" errors="0" timestamp="2022-07-26T13:24:45 IST">
  <testcase classname="com.CICDTester.CICD_For_Tester.TestClass1" name="test1" time="2.103"/>
  <testcase classname="com.CICDTester.CICD_For_Tester.TestClass1" name="test2" time="1.901"/>
  <testcase classname="com.CICDTester.CICD_For_Tester.TestClass1" name="test3" time="1.937"/>
</testsuite> <!-- Default test -->
