<?xml version="1.0" encoding="UTF-8"?>
<!-- Generated by org.testng.reporters.JUnitXMLReporter -->
<testsuite ignored="0" hostname="DESKTOP-OEE7BVT" failures="0" tests="3" name="Test" time="15.38" errors="0" timestamp="2022-07-26T13:26:51 IST">
  <testcase classname="com.CICDTester.CICD_For_Tester.TestClass1" name="test1" time="2.601"/>
  <testcase classname="com.CICDTester.CICD_For_Tester.TestClass1" name="test2" time="2.115"/>
  <testcase classname="com.CICDTester.CICD_For_Tester.TestClass1" name="test3" time="4.305"/>
</testsuite> <!-- Test -->
