<?xml version="1.0" encoding="UTF-8"?>
<testng-results ignored="0" total="3" passed="3" failed="0" skipped="0">
  <reporter-output>
  </reporter-output>
  <suite started-at="2022-07-26T13:26:36 IST" name="Suite" finished-at="2022-07-26T13:26:51 IST" duration-ms="15380">
    <groups>
    </groups>
    <test started-at="2022-07-26T13:26:36 IST" name="Test" finished-at="2022-07-26T13:26:51 IST" duration-ms="15380">
      <class name="com.CICDTester.CICD_For_Tester.TestClass1">
        <test-method is-config="true" signature="launchDriver()[pri:0, instance:com.CICDTester.CICD_For_Tester.TestClass1@61dd025]" started-at="2022-07-26T13:26:36 IST" name="launchDriver" finished-at="2022-07-26T13:26:37 IST" duration-ms="1757" status="PASS">
          <reporter-output>
          </reporter-output>
        </test-method> <!-- launchDriver -->
        <test-method signature="test1()[pri:0, instance:com.CICDTester.CICD_For_Tester.TestClass1@61dd025]" started-at="2022-07-26T13:26:37 IST" name="test1" finished-at="2022-07-26T13:26:40 IST" duration-ms="2601" status="PASS">
          <reporter-output>
          </reporter-output>
        </test-method> <!-- test1 -->
        <test-method is-config="true" signature="quit()[pri:0, instance:com.CICDTester.CICD_For_Tester.TestClass1@61dd025]" started-at="2022-07-26T13:26:40 IST" name="quit" finished-at="2022-07-26T13:26:41 IST" duration-ms="622" status="PASS">
          <reporter-output>
          </reporter-output>
        </test-method> <!-- quit -->
        <test-method is-config="true" signature="launchDriver()[pri:0, instance:com.CICDTester.CICD_For_Tester.TestClass1@61dd025]" started-at="2022-07-26T13:26:41 IST" name="launchDriver" finished-at="2022-07-26T13:26:42 IST" duration-ms="1321" status="PASS">
          <reporter-output>
          </reporter-output>
        </test-method> <!-- launchDriver -->
        <test-method signature="test2()[pri:0, instance:com.CICDTester.CICD_For_Tester.TestClass1@61dd025]" started-at="2022-07-26T13:26:42 IST" name="test2" finished-at="2022-07-26T13:26:44 IST" duration-ms="2115" status="PASS">
          <reporter-output>
          </reporter-output>
        </test-method> <!-- test2 -->
        <test-method is-config="true" signature="quit()[pri:0, instance:com.CICDTester.CICD_For_Tester.TestClass1@61dd025]" started-at="2022-07-26T13:26:44 IST" name="quit" finished-at="2022-07-26T13:26:45 IST" duration-ms="643" status="PASS">
          <reporter-output>
          </reporter-output>
        </test-method> <!-- quit -->
        <test-method is-config="true" signature="launchDriver()[pri:0, instance:com.CICDTester.CICD_For_Tester.TestClass1@61dd025]" started-at="2022-07-26T13:26:45 IST" name="launchDriver" finished-at="2022-07-26T13:26:46 IST" duration-ms="1351" status="PASS">
          <reporter-output>
          </reporter-output>
        </test-method> <!-- launchDriver -->
        <test-method signature="test3()[pri:0, instance:com.CICDTester.CICD_For_Tester.TestClass1@61dd025]" started-at="2022-07-26T13:26:46 IST" name="test3" finished-at="2022-07-26T13:26:50 IST" duration-ms="4305" status="PASS">
          <reporter-output>
          </reporter-output>
        </test-method> <!-- test3 -->
        <test-method is-config="true" signature="quit()[pri:0, instance:com.CICDTester.CICD_For_Tester.TestClass1@61dd025]" started-at="2022-07-26T13:26:50 IST" name="quit" finished-at="2022-07-26T13:26:51 IST" duration-ms="620" status="PASS">
          <reporter-output>
          </reporter-output>
        </test-method> <!-- quit -->
      </class> <!-- com.CICDTester.CICD_For_Tester.TestClass1 -->
    </test> <!-- Test -->
  </suite> <!-- Suite -->
</testng-results>
