<?xml version="1.0" encoding="UTF-8"?>
<testsuite xmlns:xsi="http://www.w3.org/2001/XMLSchema-instance" xsi:noNamespaceSchemaLocation="https://maven.apache.org/surefire/maven-surefire-plugin/xsd/surefire-test-report.xsd" name="TestSuite" time="15.846" tests="3" errors="0" skipped="0" failures="0">
  <properties>
[...]
</properties>
  <testcase name="test1" classname="com.CICDTester.CICD_For_Tester.TestClass1" time="2.601"/>
  <testcase name="test2" classname="com.CICDTester.CICD_For_Tester.TestClass1" time="2.116"/>
  <testcase name="test3" classname="com.CICDTester.CICD_For_Tester.TestClass1" time="4.305"/>
</testsuite>